2013-03-12T09:10:19+01:00 ERR (3): exception 'Apache_Solr_HttpTransportException' with message ''0' Status: Communication Error' in /opt/lampp/htdocs/omeka/cag/plugins/SolrSearch/lib/Service.php:338
Stack trace:
#0 /opt/lampp/htdocs/omeka/cag/plugins/SolrSearch/lib/Service.php(1166): Apache_Solr_Service->_sendRawGet('http://localhos...')
#1 /opt/lampp/htdocs/omeka/cag/plugins/SolrSearch/controllers/ResultsController.php(234): Apache_Solr_Service->search('boer', 0, '10', Array)
#2 /opt/lampp/htdocs/omeka/cag/plugins/SolrSearch/controllers/ResultsController.php(72): SolrSearch_ResultsController->_search(Array, 0, '10')
#3 /opt/lampp/htdocs/omeka/cag/plugins/SolrSearch/controllers/ResultsController.php(37): SolrSearch_ResultsController->handleHtml()
#4 /opt/lampp/htdocs/omeka/cag/application/libraries/Zend/Controller/Action.php(516): SolrSearch_ResultsController->indexAction()
#5 /opt/lampp/htdocs/omeka/cag/application/libraries/Zend/Controller/Dispatcher/Standard.php(295): Zend_Controller_Action->dispatch('indexAction')
#6 /opt/lampp/htdocs/omeka/cag/application/libraries/Zend/Controller/Front.php(954): Zend_Controller_Dispatcher_Standard->dispatch(Object(Zend_Controller_Request_Http), Object(Zend_Controller_Response_Http))
#7 /opt/lampp/htdocs/omeka/cag/application/libraries/Zend/Application/Bootstrap/Bootstrap.php(97): Zend_Controller_Front->dispatch()
#8 /opt/lampp/htdocs/omeka/cag/application/libraries/Zend/Application.php(366): Zend_Application_Bootstrap_Bootstrap->run()
#9 /opt/lampp/htdocs/omeka/cag/application/libraries/Omeka/Core.php(165): Zend_Application->run()
#10 /opt/lampp/htdocs/omeka/cag/index.php(28): Omeka_Core->run()
#11 {main}
2013-03-14T16:35:00+01:00 ERR (3): exception 'Apache_Solr_HttpTransportException' with message ''500' Status: Internal Server Error' in /opt/lampp/htdocs/omeka/cag/plugins/SolrSearch/lib/Service.php:338
Stack trace:
#0 /opt/lampp/htdocs/omeka/cag/plugins/SolrSearch/lib/Service.php(1166): Apache_Solr_Service->_sendRawGet('http://localhos...')
#1 /opt/lampp/htdocs/omeka/cag/plugins/SolrSearch/controllers/ResultsController.php(256): Apache_Solr_Service->search('* *', 0, 'alle', Array)
#2 /opt/lampp/htdocs/omeka/cag/plugins/SolrSearch/controllers/ResultsController.php(94): SolrSearch_ResultsController->_search(Array, 0, 'alle')
#3 /opt/lampp/htdocs/omeka/cag/plugins/SolrSearch/controllers/ResultsController.php(59): SolrSearch_ResultsController->handleHtml()
#4 /opt/lampp/htdocs/omeka/cag/application/libraries/Zend/Controller/Action.php(516): SolrSearch_ResultsController->indexAction()
#5 /opt/lampp/htdocs/omeka/cag/application/libraries/Zend/Controller/Dispatcher/Standard.php(295): Zend_Controller_Action->dispatch('indexAction')
#6 /opt/lampp/htdocs/omeka/cag/application/libraries/Zend/Controller/Front.php(954): Zend_Controller_Dispatcher_Standard->dispatch(Object(Zend_Controller_Request_Http), Object(Zend_Controller_Response_Http))
#7 /opt/lampp/htdocs/omeka/cag/application/libraries/Zend/Application/Bootstrap/Bootstrap.php(97): Zend_Controller_Front->dispatch()
#8 /opt/lampp/htdocs/omeka/cag/application/libraries/Zend/Application.php(366): Zend_Application_Bootstrap_Bootstrap->run()
#9 /opt/lampp/htdocs/omeka/cag/application/libraries/Omeka/Core.php(165): Zend_Application->run()
#10 /opt/lampp/htdocs/omeka/cag/index.php(28): Omeka_Core->run()
#11 {main}
2013-03-14T16:36:34+01:00 ERR (3): exception 'Apache_Solr_HttpTransportException' with message ''500' Status: Internal Server Error' in /opt/lampp/htdocs/omeka/cag/plugins/SolrSearch/lib/Service.php:338
Stack trace:
#0 /opt/lampp/htdocs/omeka/cag/plugins/SolrSearch/lib/Service.php(1166): Apache_Solr_Service->_sendRawGet('http://localhos...')
#1 /opt/lampp/htdocs/omeka/cag/plugins/SolrSearch/controllers/ResultsController.php(256): Apache_Solr_Service->search('* *', 0, 'alle', Array)
#2 /opt/lampp/htdocs/omeka/cag/plugins/SolrSearch/controllers/ResultsController.php(94): SolrSearch_ResultsController->_search(Array, 0, 'alle')
#3 /opt/lampp/htdocs/omeka/cag/plugins/SolrSearch/controllers/ResultsController.php(59): SolrSearch_ResultsController->handleHtml()
#4 /opt/lampp/htdocs/omeka/cag/application/libraries/Zend/Controller/Action.php(516): SolrSearch_ResultsController->indexAction()
#5 /opt/lampp/htdocs/omeka/cag/application/libraries/Zend/Controller/Dispatcher/Standard.php(295): Zend_Controller_Action->dispatch('indexAction')
#6 /opt/lampp/htdocs/omeka/cag/application/libraries/Zend/Controller/Front.php(954): Zend_Controller_Dispatcher_Standard->dispatch(Object(Zend_Controller_Request_Http), Object(Zend_Controller_Response_Http))
#7 /opt/lampp/htdocs/omeka/cag/application/libraries/Zend/Application/Bootstrap/Bootstrap.php(97): Zend_Controller_Front->dispatch()
#8 /opt/lampp/htdocs/omeka/cag/application/libraries/Zend/Application.php(366): Zend_Application_Bootstrap_Bootstrap->run()
#9 /opt/lampp/htdocs/omeka/cag/application/libraries/Omeka/Core.php(165): Zend_Application->run()
#10 /opt/lampp/htdocs/omeka/cag/index.php(28): Omeka_Core->run()
#11 {main}
2013-03-14T16:36:39+01:00 ERR (3): exception 'Apache_Solr_HttpTransportException' with message ''500' Status: Internal Server Error' in /opt/lampp/htdocs/omeka/cag/plugins/SolrSearch/lib/Service.php:338
Stack trace:
#0 /opt/lampp/htdocs/omeka/cag/plugins/SolrSearch/lib/Service.php(1166): Apache_Solr_Service->_sendRawGet('http://localhos...')
#1 /opt/lampp/htdocs/omeka/cag/plugins/SolrSearch/controllers/ResultsController.php(256): Apache_Solr_Service->search('* *', 0, 'alle', Array)
#2 /opt/lampp/htdocs/omeka/cag/plugins/SolrSearch/controllers/ResultsController.php(94): SolrSearch_ResultsController->_search(Array, 0, 'alle')
#3 /opt/lampp/htdocs/omeka/cag/plugins/SolrSearch/controllers/ResultsController.php(59): SolrSearch_ResultsController->handleHtml()
#4 /opt/lampp/htdocs/omeka/cag/application/libraries/Zend/Controller/Action.php(516): SolrSearch_ResultsController->indexAction()
#5 /opt/lampp/htdocs/omeka/cag/application/libraries/Zend/Controller/Dispatcher/Standard.php(295): Zend_Controller_Action->dispatch('indexAction')
#6 /opt/lampp/htdocs/omeka/cag/application/libraries/Zend/Controller/Front.php(954): Zend_Controller_Dispatcher_Standard->dispatch(Object(Zend_Controller_Request_Http), Object(Zend_Controller_Response_Http))
#7 /opt/lampp/htdocs/omeka/cag/application/libraries/Zend/Application/Bootstrap/Bootstrap.php(97): Zend_Controller_Front->dispatch()
#8 /opt/lampp/htdocs/omeka/cag/application/libraries/Zend/Application.php(366): Zend_Application_Bootstrap_Bootstrap->run()
#9 /opt/lampp/htdocs/omeka/cag/application/libraries/Omeka/Core.php(165): Zend_Application->run()
#10 /opt/lampp/htdocs/omeka/cag/index.php(28): Omeka_Core->run()
#11 {main}
2013-03-14T16:37:05+01:00 ERR (3): exception 'Apache_Solr_HttpTransportException' with message ''500' Status: Internal Server Error' in /opt/lampp/htdocs/omeka/cag/plugins/SolrSearch/lib/Service.php:338
Stack trace:
#0 /opt/lampp/htdocs/omeka/cag/plugins/SolrSearch/lib/Service.php(1166): Apache_Solr_Service->_sendRawGet('http://localhos...')
#1 /opt/lampp/htdocs/omeka/cag/plugins/SolrSearch/controllers/ResultsController.php(256): Apache_Solr_Service->search('* *', 0, 'alle', Array)
#2 /opt/lampp/htdocs/omeka/cag/plugins/SolrSearch/controllers/ResultsController.php(94): SolrSearch_ResultsController->_search(Array, 0, 'alle')
#3 /opt/lampp/htdocs/omeka/cag/plugins/SolrSearch/controllers/ResultsController.php(59): SolrSearch_ResultsController->handleHtml()
#4 /opt/lampp/htdocs/omeka/cag/application/libraries/Zend/Controller/Action.php(516): SolrSearch_ResultsController->indexAction()
#5 /opt/lampp/htdocs/omeka/cag/application/libraries/Zend/Controller/Dispatcher/Standard.php(295): Zend_Controller_Action->dispatch('indexAction')
#6 /opt/lampp/htdocs/omeka/cag/application/libraries/Zend/Controller/Front.php(954): Zend_Controller_Dispatcher_Standard->dispatch(Object(Zend_Controller_Request_Http), Object(Zend_Controller_Response_Http))
#7 /opt/lampp/htdocs/omeka/cag/application/libraries/Zend/Application/Bootstrap/Bootstrap.php(97): Zend_Controller_Front->dispatch()
#8 /opt/lampp/htdocs/omeka/cag/application/libraries/Zend/Application.php(366): Zend_Application_Bootstrap_Bootstrap->run()
#9 /opt/lampp/htdocs/omeka/cag/application/libraries/Omeka/Core.php(165): Zend_Application->run()
#10 /opt/lampp/htdocs/omeka/cag/index.php(28): Omeka_Core->run()
#11 {main}
2013-03-15T16:21:49+01:00 ERR (3): exception 'Apache_Solr_HttpTransportException' with message ''0' Status: Communication Error' in /opt/lampp/htdocs/omeka/cag/plugins/SolrSearch/lib/Service.php:338
Stack trace:
#0 /opt/lampp/htdocs/omeka/cag/plugins/SolrSearch/lib/Service.php(1166): Apache_Solr_Service->_sendRawGet('http://localhos...')
#1 /opt/lampp/htdocs/omeka/cag/plugins/SolrSearch/controllers/ResultsController.php(256): Apache_Solr_Service->search('boer', 0, '10', Array)
#2 /opt/lampp/htdocs/omeka/cag/plugins/SolrSearch/controllers/ResultsController.php(94): SolrSearch_ResultsController->_search(Array, 0, '10')
#3 /opt/lampp/htdocs/omeka/cag/plugins/SolrSearch/controllers/ResultsController.php(59): SolrSearch_ResultsController->handleHtml()
#4 /opt/lampp/htdocs/omeka/cag/application/libraries/Zend/Controller/Action.php(516): SolrSearch_ResultsController->indexAction()
#5 /opt/lampp/htdocs/omeka/cag/application/libraries/Zend/Controller/Dispatcher/Standard.php(295): Zend_Controller_Action->dispatch('indexAction')
#6 /opt/lampp/htdocs/omeka/cag/application/libraries/Zend/Controller/Front.php(954): Zend_Controller_Dispatcher_Standard->dispatch(Object(Zend_Controller_Request_Http), Object(Zend_Controller_Response_Http))
#7 /opt/lampp/htdocs/omeka/cag/application/libraries/Zend/Application/Bootstrap/Bootstrap.php(97): Zend_Controller_Front->dispatch()
#8 /opt/lampp/htdocs/omeka/cag/application/libraries/Zend/Application.php(366): Zend_Application_Bootstrap_Bootstrap->run()
#9 /opt/lampp/htdocs/omeka/cag/application/libraries/Omeka/Core.php(165): Zend_Application->run()
#10 /opt/lampp/htdocs/omeka/cag/index.php(28): Omeka_Core->run()
#11 {main}
2013-03-18T13:56:48+01:00 ERR (3): exception 'Exception' with message 'Could not find file javascripts/markerclusterer.js!' in /opt/lampp/htdocs/omeka/cag/application/helpers/AssetFunctions.php:289
Stack trace:
#0 /opt/lampp/htdocs/omeka/cag/application/helpers/AssetFunctions.php(249): web_path_to('javascripts/mar...')
#1 /opt/lampp/htdocs/omeka/cag/application/helpers/AssetFunctions.php(225): src('markerclusterer', 'javascripts', 'js')
#2 /opt/lampp/htdocs/omeka/cag/plugins/Geolocation/plugin.php(261): js('markerclusterer')
#3 /opt/lampp/htdocs/omeka/cag/plugins/Geolocation/plugin.php(308): geolocation_scripts()
#4 [internal function]: geolocation_header(Object(Zend_Controller_Request_Http))
#5 /opt/lampp/htdocs/omeka/cag/application/libraries/Omeka/Plugin/Broker.php(156): call_user_func_array('geolocation_hea...', Array)
#6 /opt/lampp/htdocs/omeka/cag/application/libraries/Omeka/Plugin/Broker.php(182): Omeka_Plugin_Broker->callHook('public_theme_he...', Array)
#7 [internal function]: Omeka_Plugin_Broker->__call('public_theme_he...', Array)
#8 [internal function]: Omeka_Plugin_Broker->public_theme_header(Object(Zend_Controller_Request_Http))
#9 /opt/lampp/htdocs/omeka/cag/application/libraries/globals.php(215): call_user_func_array(Array, Array)
#10 /opt/lampp/htdocs/omeka/cag/application/helpers/PluginFunctions.php(156): fire_plugin_hook('public_theme_he...', Object(Zend_Controller_Request_Http))
#11 /opt/lampp/htdocs/omeka/cag/themes/CAG/common/header.php(22): plugin_header()
#12 /opt/lampp/htdocs/omeka/cag/application/libraries/Omeka/View.php(113): include('/opt/lampp/htdo...')
#13 /opt/lampp/htdocs/omeka/cag/application/libraries/Zend/View/Abstract.php(888): Omeka_View->_run('/opt/lampp/htdo...')
#14 /opt/lampp/htdocs/omeka/cag/application/libraries/Zend/View/Helper/Partial.php(105): Zend_View_Abstract->render('common/header.p...')
#15 [internal function]: Zend_View_Helper_Partial->partial('common/header.p...', Array)
#16 /opt/lampp/htdocs/omeka/cag/application/libraries/Zend/View/Abstract.php(350): call_user_func_array(Array, Array)
#17 /opt/lampp/htdocs/omeka/cag/application/helpers/Functions.php(68): Zend_View_Abstract->__call('partial', Array)
#18 /opt/lampp/htdocs/omeka/cag/application/helpers/Functions.php(68): Omeka_View->partial('common/header.p...', Array)
#19 /opt/lampp/htdocs/omeka/cag/application/helpers/Functions.php(81): common('header', Array)
#20 /opt/lampp/htdocs/omeka/cag/themes/CAG/geolocation/map/browse.php(1): head(Array)
#21 /opt/lampp/htdocs/omeka/cag/application/libraries/Omeka/View.php(113): include('/opt/lampp/htdo...')
#22 /opt/lampp/htdocs/omeka/cag/application/libraries/Zend/View/Abstract.php(888): Omeka_View->_run('/opt/lampp/htdo...')
#23 /opt/lampp/htdocs/omeka/cag/application/libraries/Zend/Controller/Action/Helper/ViewRenderer.php(900): Zend_View_Abstract->render('map/browse.php')
#24 /opt/lampp/htdocs/omeka/cag/application/libraries/Zend/Controller/Action/Helper/ViewRenderer.php(921): Zend_Controller_Action_Helper_ViewRenderer->renderScript('map/browse.php', NULL)
#25 /opt/lampp/htdocs/omeka/cag/application/libraries/Zend/Controller/Action/Helper/ViewRenderer.php(960): Zend_Controller_Action_Helper_ViewRenderer->render()
#26 /opt/lampp/htdocs/omeka/cag/application/libraries/Zend/Controller/Action/HelperBroker.php(277): Zend_Controller_Action_Helper_ViewRenderer->postDispatch()
#27 /opt/lampp/htdocs/omeka/cag/application/libraries/Zend/Controller/Action.php(527): Zend_Controller_Action_HelperBroker->notifyPostDispatch()
#28 /opt/lampp/htdocs/omeka/cag/application/libraries/Zend/Controller/Dispatcher/Standard.php(295): Zend_Controller_Action->dispatch('browseAction')
#29 /opt/lampp/htdocs/omeka/cag/application/libraries/Zend/Controller/Front.php(954): Zend_Controller_Dispatcher_Standard->dispatch(Object(Zend_Controller_Request_Http), Object(Zend_Controller_Response_Http))
#30 /opt/lampp/htdocs/omeka/cag/application/libraries/Zend/Application/Bootstrap/Bootstrap.php(97): Zend_Controller_Front->dispatch()
#31 /opt/lampp/htdocs/omeka/cag/application/libraries/Zend/Application.php(366): Zend_Application_Bootstrap_Bootstrap->run()
#32 /opt/lampp/htdocs/omeka/cag/application/libraries/Omeka/Core.php(165): Zend_Application->run()
#33 /opt/lampp/htdocs/omeka/cag/index.php(28): Omeka_Core->run()
#34 {main}
2013-03-18T13:57:43+01:00 ERR (3): exception 'Omeka_Record_Exception' with message 'There is no element named "Creatie plaats"!' in /opt/lampp/htdocs/omeka/cag/application/models/ActsAsElementText.php:322
Stack trace:
#0 /opt/lampp/htdocs/omeka/cag/application/models/ActsAsElementText.php(238): ActsAsElementText->getElementByNameAndSetName('Creatie plaats', 'Item Type Metad...')
#1 [internal function]: ActsAsElementText->getElementTextsByElementNameAndSetName('Creatie plaats', 'Item Type Metad...')
#2 /opt/lampp/htdocs/omeka/cag/application/libraries/Omeka/Record.php(250): call_user_func_array(Array, Array)
#3 /opt/lampp/htdocs/omeka/cag/application/libraries/Omeka/Record.php(209): Omeka_Record->delegateToMixins('getElementTexts...', Array)
#4 /opt/lampp/htdocs/omeka/cag/application/libraries/Omeka/View/Helper/RecordMetadata.php(200): Omeka_Record->__call('getElementTexts...', Array)
#5 /opt/lampp/htdocs/omeka/cag/application/libraries/Omeka/View/Helper/RecordMetadata.php(200): Item->getElementTextsByElementNameAndSetName('Creatie plaats', 'Item Type Metad...')
#6 /opt/lampp/htdocs/omeka/cag/application/libraries/Omeka/View/Helper/RecordMetadata.php(173): Omeka_View_Helper_RecordMetadata->_getElementText(Object(Item), 'Item Type Metad...', 'Creatie plaats')
#7 /opt/lampp/htdocs/omeka/cag/application/libraries/Omeka/View/Helper/RecordMetadata.php(82): Omeka_View_Helper_RecordMetadata->_getText(Object(Item), 'Item Type Metad...', 'Creatie plaats')
#8 /opt/lampp/htdocs/omeka/cag/application/helpers/ItemMetadata.php(28): Omeka_View_Helper_RecordMetadata->_get(Object(Item), 'Item Type Metad...', 'Creatie plaats', Array)
#9 [internal function]: Omeka_View_Helper_ItemMetadata->itemMetadata(Object(Item), 'Item Type Metad...', 'Creatie plaats', Array)
#10 /opt/lampp/htdocs/omeka/cag/application/libraries/Zend/View/Abstract.php(350): call_user_func_array(Array, Array)
#11 /opt/lampp/htdocs/omeka/cag/application/helpers/ItemFunctions.php(198): Zend_View_Abstract->__call('itemMetadata', Array)
#12 /opt/lampp/htdocs/omeka/cag/application/helpers/ItemFunctions.php(198): Omeka_View->itemMetadata(Object(Item), 'Item Type Metad...', 'Creatie plaats', Array)
#13 /opt/lampp/htdocs/omeka/cag/plugins/Geolocation/views/shared/map/browse.kml.php(36): item('Item Type Metad...', 'Creatie plaats')
#14 /opt/lampp/htdocs/omeka/cag/application/libraries/Omeka/View.php(113): include('/opt/lampp/htdo...')
#15 /opt/lampp/htdocs/omeka/cag/application/libraries/Zend/View/Abstract.php(888): Omeka_View->_run('/opt/lampp/htdo...')
#16 /opt/lampp/htdocs/omeka/cag/application/libraries/Zend/Controller/Action/Helper/ViewRenderer.php(900): Zend_View_Abstract->render('map/browse.kml....')
#17 /opt/lampp/htdocs/omeka/cag/application/libraries/Zend/Controller/Action/Helper/ViewRenderer.php(921): Zend_Controller_Action_Helper_ViewRenderer->renderScript('map/browse.kml....', NULL)
#18 /opt/lampp/htdocs/omeka/cag/application/libraries/Zend/Controller/Action/Helper/ViewRenderer.php(960): Zend_Controller_Action_Helper_ViewRenderer->render()
#19 /opt/lampp/htdocs/omeka/cag/application/libraries/Zend/Controller/Action/HelperBroker.php(277): Zend_Controller_Action_Helper_ViewRenderer->postDispatch()
#20 /opt/lampp/htdocs/omeka/cag/application/libraries/Zend/Controller/Action.php(527): Zend_Controller_Action_HelperBroker->notifyPostDispatch()
#21 /opt/lampp/htdocs/omeka/cag/application/libraries/Zend/Controller/Dispatcher/Standard.php(295): Zend_Controller_Action->dispatch('browseAction')
#22 /opt/lampp/htdocs/omeka/cag/application/libraries/Zend/Controller/Front.php(954): Zend_Controller_Dispatcher_Standard->dispatch(Object(Zend_Controller_Request_Http), Object(Zend_Controller_Response_Http))
#23 /opt/lampp/htdocs/omeka/cag/application/libraries/Zend/Application/Bootstrap/Bootstrap.php(97): Zend_Controller_Front->dispatch()
#24 /opt/lampp/htdocs/omeka/cag/application/libraries/Zend/Application.php(366): Zend_Application_Bootstrap_Bootstrap->run()
#25 /opt/lampp/htdocs/omeka/cag/application/libraries/Omeka/Core.php(165): Zend_Application->run()
#26 /opt/lampp/htdocs/omeka/cag/index.php(28): Omeka_Core->run()
#27 {main}
2013-03-18T13:57:44+01:00 ERR (3): exception 'Omeka_Record_Exception' with message 'There is no element named "Creatie plaats"!' in /opt/lampp/htdocs/omeka/cag/application/models/ActsAsElementText.php:322
Stack trace:
#0 /opt/lampp/htdocs/omeka/cag/application/models/ActsAsElementText.php(238): ActsAsElementText->getElementByNameAndSetName('Creatie plaats', 'Item Type Metad...')
#1 [internal function]: ActsAsElementText->getElementTextsByElementNameAndSetName('Creatie plaats', 'Item Type Metad...')
#2 /opt/lampp/htdocs/omeka/cag/application/libraries/Omeka/Record.php(250): call_user_func_array(Array, Array)
#3 /opt/lampp/htdocs/omeka/cag/application/libraries/Omeka/Record.php(209): Omeka_Record->delegateToMixins('getElementTexts...', Array)
#4 /opt/lampp/htdocs/omeka/cag/application/libraries/Omeka/View/Helper/RecordMetadata.php(200): Omeka_Record->__call('getElementTexts...', Array)
#5 /opt/lampp/htdocs/omeka/cag/application/libraries/Omeka/View/Helper/RecordMetadata.php(200): Item->getElementTextsByElementNameAndSetName('Creatie plaats', 'Item Type Metad...')
#6 /opt/lampp/htdocs/omeka/cag/application/libraries/Omeka/View/Helper/RecordMetadata.php(173): Omeka_View_Helper_RecordMetadata->_getElementText(Object(Item), 'Item Type Metad...', 'Creatie plaats')
#7 /opt/lampp/htdocs/omeka/cag/application/libraries/Omeka/View/Helper/RecordMetadata.php(82): Omeka_View_Helper_RecordMetadata->_getText(Object(Item), 'Item Type Metad...', 'Creatie plaats')
#8 /opt/lampp/htdocs/omeka/cag/application/helpers/ItemMetadata.php(28): Omeka_View_Helper_RecordMetadata->_get(Object(Item), 'Item Type Metad...', 'Creatie plaats', Array)
#9 [internal function]: Omeka_View_Helper_ItemMetadata->itemMetadata(Object(Item), 'Item Type Metad...', 'Creatie plaats', Array)
#10 /opt/lampp/htdocs/omeka/cag/application/libraries/Zend/View/Abstract.php(350): call_user_func_array(Array, Array)
#11 /opt/lampp/htdocs/omeka/cag/application/helpers/ItemFunctions.php(198): Zend_View_Abstract->__call('itemMetadata', Array)
#12 /opt/lampp/htdocs/omeka/cag/application/helpers/ItemFunctions.php(198): Omeka_View->itemMetadata(Object(Item), 'Item Type Metad...', 'Creatie plaats', Array)
#13 /opt/lampp/htdocs/omeka/cag/plugins/Geolocation/views/shared/map/browse.kml.php(36): item('Item Type Metad...', 'Creatie plaats')
#14 /opt/lampp/htdocs/omeka/cag/application/libraries/Omeka/View.php(113): include('/opt/lampp/htdo...')
#15 /opt/lampp/htdocs/omeka/cag/application/libraries/Zend/View/Abstract.php(888): Omeka_View->_run('/opt/lampp/htdo...')
#16 /opt/lampp/htdocs/omeka/cag/application/libraries/Zend/Controller/Action/Helper/ViewRenderer.php(900): Zend_View_Abstract->render('map/browse.kml....')
#17 /opt/lampp/htdocs/omeka/cag/application/libraries/Zend/Controller/Action/Helper/ViewRenderer.php(921): Zend_Controller_Action_Helper_ViewRenderer->renderScript('map/browse.kml....', NULL)
#18 /opt/lampp/htdocs/omeka/cag/application/libraries/Zend/Controller/Action/Helper/ViewRenderer.php(960): Zend_Controller_Action_Helper_ViewRenderer->render()
#19 /opt/lampp/htdocs/omeka/cag/application/libraries/Zend/Controller/Action/HelperBroker.php(277): Zend_Controller_Action_Helper_ViewRenderer->postDispatch()
#20 /opt/lampp/htdocs/omeka/cag/application/libraries/Zend/Controller/Action.php(527): Zend_Controller_Action_HelperBroker->notifyPostDispatch()
#21 /opt/lampp/htdocs/omeka/cag/application/libraries/Zend/Controller/Dispatcher/Standard.php(295): Zend_Controller_Action->dispatch('browseAction')
#22 /opt/lampp/htdocs/omeka/cag/application/libraries/Zend/Controller/Front.php(954): Zend_Controller_Dispatcher_Standard->dispatch(Object(Zend_Controller_Request_Http), Object(Zend_Controller_Response_Http))
#23 /opt/lampp/htdocs/omeka/cag/application/libraries/Zend/Application/Bootstrap/Bootstrap.php(97): Zend_Controller_Front->dispatch()
#24 /opt/lampp/htdocs/omeka/cag/application/libraries/Zend/Application.php(366): Zend_Application_Bootstrap_Bootstrap->run()
#25 /opt/lampp/htdocs/omeka/cag/application/libraries/Omeka/Core.php(165): Zend_Application->run()
#26 /opt/lampp/htdocs/omeka/cag/index.php(28): Omeka_Core->run()
#27 {main}
2013-03-18T13:59:00+01:00 ERR (3): exception 'Omeka_Record_Exception' with message 'There is no element named "Creatie plaats"!' in /opt/lampp/htdocs/omeka/cag/application/models/ActsAsElementText.php:322
Stack trace:
#0 /opt/lampp/htdocs/omeka/cag/application/models/ActsAsElementText.php(238): ActsAsElementText->getElementByNameAndSetName('Creatie plaats', 'Item Type Metad...')
#1 [internal function]: ActsAsElementText->getElementTextsByElementNameAndSetName('Creatie plaats', 'Item Type Metad...')
#2 /opt/lampp/htdocs/omeka/cag/application/libraries/Omeka/Record.php(250): call_user_func_array(Array, Array)
#3 /opt/lampp/htdocs/omeka/cag/application/libraries/Omeka/Record.php(209): Omeka_Record->delegateToMixins('getElementTexts...', Array)
#4 /opt/lampp/htdocs/omeka/cag/application/libraries/Omeka/View/Helper/RecordMetadata.php(200): Omeka_Record->__call('getElementTexts...', Array)
#5 /opt/lampp/htdocs/omeka/cag/application/libraries/Omeka/View/Helper/RecordMetadata.php(200): Item->getElementTextsByElementNameAndSetName('Creatie plaats', 'Item Type Metad...')
#6 /opt/lampp/htdocs/omeka/cag/application/libraries/Omeka/View/Helper/RecordMetadata.php(173): Omeka_View_Helper_RecordMetadata->_getElementText(Object(Item), 'Item Type Metad...', 'Creatie plaats')
#7 /opt/lampp/htdocs/omeka/cag/application/libraries/Omeka/View/Helper/RecordMetadata.php(82): Omeka_View_Helper_RecordMetadata->_getText(Object(Item), 'Item Type Metad...', 'Creatie plaats')
#8 /opt/lampp/htdocs/omeka/cag/application/helpers/ItemMetadata.php(28): Omeka_View_Helper_RecordMetadata->_get(Object(Item), 'Item Type Metad...', 'Creatie plaats', Array)
#9 [internal function]: Omeka_View_Helper_ItemMetadata->itemMetadata(Object(Item), 'Item Type Metad...', 'Creatie plaats', Array)
#10 /opt/lampp/htdocs/omeka/cag/application/libraries/Zend/View/Abstract.php(350): call_user_func_array(Array, Array)
#11 /opt/lampp/htdocs/omeka/cag/application/helpers/ItemFunctions.php(198): Zend_View_Abstract->__call('itemMetadata', Array)
#12 /opt/lampp/htdocs/omeka/cag/application/helpers/ItemFunctions.php(198): Omeka_View->itemMetadata(Object(Item), 'Item Type Metad...', 'Creatie plaats', Array)
#13 /opt/lampp/htdocs/omeka/cag/plugins/Geolocation/views/shared/map/browse.kml.php(36): item('Item Type Metad...', 'Creatie plaats')
#14 /opt/lampp/htdocs/omeka/cag/application/libraries/Omeka/View.php(113): include('/opt/lampp/htdo...')
#15 /opt/lampp/htdocs/omeka/cag/application/libraries/Zend/View/Abstract.php(888): Omeka_View->_run('/opt/lampp/htdo...')
#16 /opt/lampp/htdocs/omeka/cag/application/libraries/Zend/Controller/Action/Helper/ViewRenderer.php(900): Zend_View_Abstract->render('map/browse.kml....')
#17 /opt/lampp/htdocs/omeka/cag/application/libraries/Zend/Controller/Action/Helper/ViewRenderer.php(921): Zend_Controller_Action_Helper_ViewRenderer->renderScript('map/browse.kml....', NULL)
#18 /opt/lampp/htdocs/omeka/cag/application/libraries/Zend/Controller/Action/Helper/ViewRenderer.php(960): Zend_Controller_Action_Helper_ViewRenderer->render()
#19 /opt/lampp/htdocs/omeka/cag/application/libraries/Zend/Controller/Action/HelperBroker.php(277): Zend_Controller_Action_Helper_ViewRenderer->postDispatch()
#20 /opt/lampp/htdocs/omeka/cag/application/libraries/Zend/Controller/Action.php(527): Zend_Controller_Action_HelperBroker->notifyPostDispatch()
#21 /opt/lampp/htdocs/omeka/cag/application/libraries/Zend/Controller/Dispatcher/Standard.php(295): Zend_Controller_Action->dispatch('browseAction')
#22 /opt/lampp/htdocs/omeka/cag/application/libraries/Zend/Controller/Front.php(954): Zend_Controller_Dispatcher_Standard->dispatch(Object(Zend_Controller_Request_Http), Object(Zend_Controller_Response_Http))
#23 /opt/lampp/htdocs/omeka/cag/application/libraries/Zend/Application/Bootstrap/Bootstrap.php(97): Zend_Controller_Front->dispatch()
#24 /opt/lampp/htdocs/omeka/cag/application/libraries/Zend/Application.php(366): Zend_Application_Bootstrap_Bootstrap->run()
#25 /opt/lampp/htdocs/omeka/cag/application/libraries/Omeka/Core.php(165): Zend_Application->run()
#26 /opt/lampp/htdocs/omeka/cag/index.php(28): Omeka_Core->run()
#27 {main}
2013-03-18T14:11:26+01:00 ERR (3): exception 'Exception' with message 'Could not find file javascripts/markerclusterer.js!' in /opt/lampp/htdocs/omeka/cag/application/helpers/AssetFunctions.php:289
Stack trace:
#0 /opt/lampp/htdocs/omeka/cag/application/helpers/AssetFunctions.php(249): web_path_to('javascripts/mar...')
#1 /opt/lampp/htdocs/omeka/cag/application/helpers/AssetFunctions.php(225): src('markerclusterer', 'javascripts', 'js')
#2 /opt/lampp/htdocs/omeka/cag/plugins/Geolocation/plugin.php(261): js('markerclusterer')
#3 /opt/lampp/htdocs/omeka/cag/plugins/Geolocation/plugin.php(555): geolocation_scripts()
#4 [internal function]: geolocation_admin_show_item_map(Object(Item))
#5 /opt/lampp/htdocs/omeka/cag/application/libraries/Omeka/Plugin/Broker.php(156): call_user_func_array('geolocation_adm...', Array)
#6 /opt/lampp/htdocs/omeka/cag/application/libraries/Omeka/Plugin/Broker.php(182): Omeka_Plugin_Broker->callHook('admin_append_to...', Array)
#7 [internal function]: Omeka_Plugin_Broker->__call('admin_append_to...', Array)
#8 [internal function]: Omeka_Plugin_Broker->admin_append_to_items_show_secondary(Object(Item))
#9 /opt/lampp/htdocs/omeka/cag/application/libraries/globals.php(215): call_user_func_array(Array, Array)
#10 /opt/lampp/htdocs/omeka/cag/admin/themes/default/items/show.php(114): fire_plugin_hook('admin_append_to...', Object(Item))
#11 /opt/lampp/htdocs/omeka/cag/application/libraries/Omeka/View.php(113): include('/opt/lampp/htdo...')
#12 /opt/lampp/htdocs/omeka/cag/application/libraries/Zend/View/Abstract.php(888): Omeka_View->_run('/opt/lampp/htdo...')
#13 /opt/lampp/htdocs/omeka/cag/application/libraries/Zend/Controller/Action/Helper/ViewRenderer.php(900): Zend_View_Abstract->render('items/show.php')
#14 /opt/lampp/htdocs/omeka/cag/application/libraries/Zend/Controller/Action/Helper/ViewRenderer.php(921): Zend_Controller_Action_Helper_ViewRenderer->renderScript('items/show.php', NULL)
#15 /opt/lampp/htdocs/omeka/cag/application/libraries/Zend/Controller/Action/Helper/ViewRenderer.php(960): Zend_Controller_Action_Helper_ViewRenderer->render()
#16 /opt/lampp/htdocs/omeka/cag/application/libraries/Zend/Controller/Action/HelperBroker.php(277): Zend_Controller_Action_Helper_ViewRenderer->postDispatch()
#17 /opt/lampp/htdocs/omeka/cag/application/libraries/Zend/Controller/Action.php(527): Zend_Controller_Action_HelperBroker->notifyPostDispatch()
#18 /opt/lampp/htdocs/omeka/cag/application/libraries/Zend/Controller/Dispatcher/Standard.php(295): Zend_Controller_Action->dispatch('showAction')
#19 /opt/lampp/htdocs/omeka/cag/application/libraries/Zend/Controller/Front.php(954): Zend_Controller_Dispatcher_Standard->dispatch(Object(Zend_Controller_Request_Http), Object(Zend_Controller_Response_Http))
#20 /opt/lampp/htdocs/omeka/cag/application/libraries/Zend/Application/Bootstrap/Bootstrap.php(97): Zend_Controller_Front->dispatch()
#21 /opt/lampp/htdocs/omeka/cag/application/libraries/Zend/Application.php(366): Zend_Application_Bootstrap_Bootstrap->run()
#22 /opt/lampp/htdocs/omeka/cag/application/libraries/Omeka/Core.php(165): Zend_Application->run()
#23 /opt/lampp/htdocs/omeka/cag/admin/index.php(48): Omeka_Core->run()
#24 {main}
2013-03-18T14:11:45+01:00 ERR (3): exception 'Exception' with message 'Could not find file javascripts/markerclusterer.js!' in /opt/lampp/htdocs/omeka/cag/application/helpers/AssetFunctions.php:289
Stack trace:
#0 /opt/lampp/htdocs/omeka/cag/application/helpers/AssetFunctions.php(249): web_path_to('javascripts/mar...')
#1 /opt/lampp/htdocs/omeka/cag/application/helpers/AssetFunctions.php(225): src('markerclusterer', 'javascripts', 'js')
#2 /opt/lampp/htdocs/omeka/cag/plugins/Geolocation/plugin.php(261): js('markerclusterer')
#3 /opt/lampp/htdocs/omeka/cag/plugins/Geolocation/plugin.php(555): geolocation_scripts()
#4 [internal function]: geolocation_admin_show_item_map(Object(Item))
#5 /opt/lampp/htdocs/omeka/cag/application/libraries/Omeka/Plugin/Broker.php(156): call_user_func_array('geolocation_adm...', Array)
#6 /opt/lampp/htdocs/omeka/cag/application/libraries/Omeka/Plugin/Broker.php(182): Omeka_Plugin_Broker->callHook('admin_append_to...', Array)
#7 [internal function]: Omeka_Plugin_Broker->__call('admin_append_to...', Array)
#8 [internal function]: Omeka_Plugin_Broker->admin_append_to_items_show_secondary(Object(Item))
#9 /opt/lampp/htdocs/omeka/cag/application/libraries/globals.php(215): call_user_func_array(Array, Array)
#10 /opt/lampp/htdocs/omeka/cag/admin/themes/default/items/show.php(114): fire_plugin_hook('admin_append_to...', Object(Item))
#11 /opt/lampp/htdocs/omeka/cag/application/libraries/Omeka/View.php(113): include('/opt/lampp/htdo...')
#12 /opt/lampp/htdocs/omeka/cag/application/libraries/Zend/View/Abstract.php(888): Omeka_View->_run('/opt/lampp/htdo...')
#13 /opt/lampp/htdocs/omeka/cag/application/libraries/Zend/Controller/Action/Helper/ViewRenderer.php(900): Zend_View_Abstract->render('items/show.php')
#14 /opt/lampp/htdocs/omeka/cag/application/libraries/Zend/Controller/Action/Helper/ViewRenderer.php(921): Zend_Controller_Action_Helper_ViewRenderer->renderScript('items/show.php', NULL)
#15 /opt/lampp/htdocs/omeka/cag/application/libraries/Zend/Controller/Action/Helper/ViewRenderer.php(960): Zend_Controller_Action_Helper_ViewRenderer->render()
#16 /opt/lampp/htdocs/omeka/cag/application/libraries/Zend/Controller/Action/HelperBroker.php(277): Zend_Controller_Action_Helper_ViewRenderer->postDispatch()
#17 /opt/lampp/htdocs/omeka/cag/application/libraries/Zend/Controller/Action.php(527): Zend_Controller_Action_HelperBroker->notifyPostDispatch()
#18 /opt/lampp/htdocs/omeka/cag/application/libraries/Zend/Controller/Dispatcher/Standard.php(295): Zend_Controller_Action->dispatch('showAction')
#19 /opt/lampp/htdocs/omeka/cag/application/libraries/Zend/Controller/Front.php(954): Zend_Controller_Dispatcher_Standard->dispatch(Object(Zend_Controller_Request_Http), Object(Zend_Controller_Response_Http))
#20 /opt/lampp/htdocs/omeka/cag/application/libraries/Zend/Application/Bootstrap/Bootstrap.php(97): Zend_Controller_Front->dispatch()
#21 /opt/lampp/htdocs/omeka/cag/application/libraries/Zend/Application.php(366): Zend_Application_Bootstrap_Bootstrap->run()
#22 /opt/lampp/htdocs/omeka/cag/application/libraries/Omeka/Core.php(165): Zend_Application->run()
#23 /opt/lampp/htdocs/omeka/cag/admin/index.php(48): Omeka_Core->run()
#24 {main}
2013-03-21T13:08:22+01:00 ERR (3): exception 'Exception' with message 'An item has not been set to be displayed on this theme page! Please see Omeka documentation for details.' in /opt/lampp/htdocs/omeka/cag/application/helpers/ItemFunctions.php:73
Stack trace:
#0 /opt/lampp/htdocs/omeka/cag/application/helpers/ItemFunctions.php(196): get_current_item()
#1 /opt/lampp/htdocs/omeka/cag/plugins/Digitool/plugin.php(246): item('Dublin Core', 'Title', Array, NULL)
#2 /opt/lampp/htdocs/omeka/cag/themes/CAG/geolocation/map/browse.php(40): digitool_get_thumb(NULL, true, false, 100, 'bookImg')
#3 /opt/lampp/htdocs/omeka/cag/application/libraries/Omeka/View.php(113): include('/opt/lampp/htdo...')
#4 /opt/lampp/htdocs/omeka/cag/application/libraries/Zend/View/Abstract.php(888): Omeka_View->_run('/opt/lampp/htdo...')
#5 /opt/lampp/htdocs/omeka/cag/application/libraries/Zend/Controller/Action/Helper/ViewRenderer.php(900): Zend_View_Abstract->render('map/browse.php')
#6 /opt/lampp/htdocs/omeka/cag/application/libraries/Zend/Controller/Action/Helper/ViewRenderer.php(921): Zend_Controller_Action_Helper_ViewRenderer->renderScript('map/browse.php', NULL)
#7 /opt/lampp/htdocs/omeka/cag/application/libraries/Zend/Controller/Action/Helper/ViewRenderer.php(960): Zend_Controller_Action_Helper_ViewRenderer->render()
#8 /opt/lampp/htdocs/omeka/cag/application/libraries/Zend/Controller/Action/HelperBroker.php(277): Zend_Controller_Action_Helper_ViewRenderer->postDispatch()
#9 /opt/lampp/htdocs/omeka/cag/application/libraries/Zend/Controller/Action.php(527): Zend_Controller_Action_HelperBroker->notifyPostDispatch()
#10 /opt/lampp/htdocs/omeka/cag/application/libraries/Zend/Controller/Dispatcher/Standard.php(295): Zend_Controller_Action->dispatch('browseAction')
#11 /opt/lampp/htdocs/omeka/cag/application/libraries/Zend/Controller/Front.php(954): Zend_Controller_Dispatcher_Standard->dispatch(Object(Zend_Controller_Request_Http), Object(Zend_Controller_Response_Http))
#12 /opt/lampp/htdocs/omeka/cag/application/libraries/Zend/Application/Bootstrap/Bootstrap.php(97): Zend_Controller_Front->dispatch()
#13 /opt/lampp/htdocs/omeka/cag/application/libraries/Zend/Application.php(366): Zend_Application_Bootstrap_Bootstrap->run()
#14 /opt/lampp/htdocs/omeka/cag/application/libraries/Omeka/Core.php(165): Zend_Application->run()
#15 /opt/lampp/htdocs/omeka/cag/index.php(28): Omeka_Core->run()
#16 {main}
2013-03-21T16:41:13+01:00 ERR (3): exception 'Apache_Solr_HttpTransportException' with message ''400' Status: Bad Request' in /opt/lampp/htdocs/omeka/cag/plugins/SolrSearch/lib/Service.php:338
Stack trace:
#0 /opt/lampp/htdocs/omeka/cag/plugins/SolrSearch/lib/Service.php(1166): Apache_Solr_Service->_sendRawGet('http://localhos...')
#1 /opt/lampp/htdocs/omeka/cag/plugins/SolrSearch/controllers/ResultsController.php(256): Apache_Solr_Service->search('*:*', -20, '20', Array)
#2 /opt/lampp/htdocs/omeka/cag/plugins/SolrSearch/controllers/ResultsController.php(94): SolrSearch_ResultsController->_search(Array, -20, '20')
#3 /opt/lampp/htdocs/omeka/cag/plugins/SolrSearch/controllers/ResultsController.php(59): SolrSearch_ResultsController->handleHtml()
#4 /opt/lampp/htdocs/omeka/cag/application/libraries/Zend/Controller/Action.php(516): SolrSearch_ResultsController->indexAction()
#5 /opt/lampp/htdocs/omeka/cag/application/libraries/Zend/Controller/Dispatcher/Standard.php(295): Zend_Controller_Action->dispatch('indexAction')
#6 /opt/lampp/htdocs/omeka/cag/application/libraries/Zend/Controller/Front.php(954): Zend_Controller_Dispatcher_Standard->dispatch(Object(Zend_Controller_Request_Http), Object(Zend_Controller_Response_Http))
#7 /opt/lampp/htdocs/omeka/cag/application/libraries/Zend/Application/Bootstrap/Bootstrap.php(97): Zend_Controller_Front->dispatch()
#8 /opt/lampp/htdocs/omeka/cag/application/libraries/Zend/Application.php(366): Zend_Application_Bootstrap_Bootstrap->run()
#9 /opt/lampp/htdocs/omeka/cag/application/libraries/Omeka/Core.php(165): Zend_Application->run()
#10 /opt/lampp/htdocs/omeka/cag/index.php(28): Omeka_Core->run()
#11 {main}
2013-03-28T10:59:17+01:00 INFO (6): Failed login attempt from '127.0.0.1'.
2013-03-28T10:59:42+01:00 ERR (3): exception 'Exception' with message 'Could not find file javascripts/jquery.randabout.js!' in /opt/lampp/htdocs/omeka/cag/application/helpers/AssetFunctions.php:289
Stack trace:
#0 /opt/lampp/htdocs/omeka/cag/application/helpers/AssetFunctions.php(249): web_path_to('javascripts/jqu...')
#1 /opt/lampp/htdocs/omeka/cag/application/helpers/AssetFunctions.php(33): src('jquery.randabou...', 'javascripts', 'js')
#2 /opt/lampp/htdocs/omeka/cag/themes/CAG/common/header.php(50): queue_js('jquery.randabou...')
#3 /opt/lampp/htdocs/omeka/cag/application/libraries/Omeka/View.php(113): include('/opt/lampp/htdo...')
#4 /opt/lampp/htdocs/omeka/cag/application/libraries/Zend/View/Abstract.php(888): Omeka_View->_run('/opt/lampp/htdo...')
#5 /opt/lampp/htdocs/omeka/cag/application/libraries/Zend/View/Helper/Partial.php(105): Zend_View_Abstract->render('common/header.p...')
#6 [internal function]: Zend_View_Helper_Partial->partial('common/header.p...', Array)
#7 /opt/lampp/htdocs/omeka/cag/application/libraries/Zend/View/Abstract.php(350): call_user_func_array(Array, Array)
#8 /opt/lampp/htdocs/omeka/cag/application/helpers/Functions.php(68): Zend_View_Abstract->__call('partial', Array)
#9 /opt/lampp/htdocs/omeka/cag/application/helpers/Functions.php(68): Omeka_View->partial('common/header.p...', Array)
#10 /opt/lampp/htdocs/omeka/cag/application/helpers/Functions.php(81): common('header', Array)
#11 /opt/lampp/htdocs/omeka/cag/themes/CAG/solr-search/results/index.php(5): head(Array)
#12 /opt/lampp/htdocs/omeka/cag/application/libraries/Omeka/View.php(113): include('/opt/lampp/htdo...')
#13 /opt/lampp/htdocs/omeka/cag/application/libraries/Zend/View/Abstract.php(888): Omeka_View->_run('/opt/lampp/htdo...')
#14 /opt/lampp/htdocs/omeka/cag/application/libraries/Zend/Controller/Action/Helper/ViewRenderer.php(900): Zend_View_Abstract->render('results/index.p...')
#15 /opt/lampp/htdocs/omeka/cag/application/libraries/Zend/Controller/Action/Helper/ViewRenderer.php(921): Zend_Controller_Action_Helper_ViewRenderer->renderScript('results/index.p...', NULL)
#16 /opt/lampp/htdocs/omeka/cag/application/libraries/Zend/Controller/Action/Helper/ViewRenderer.php(960): Zend_Controller_Action_Helper_ViewRenderer->render()
#17 /opt/lampp/htdocs/omeka/cag/application/libraries/Zend/Controller/Action/HelperBroker.php(277): Zend_Controller_Action_Helper_ViewRenderer->postDispatch()
#18 /opt/lampp/htdocs/omeka/cag/application/libraries/Zend/Controller/Action.php(527): Zend_Controller_Action_HelperBroker->notifyPostDispatch()
#19 /opt/lampp/htdocs/omeka/cag/application/libraries/Zend/Controller/Dispatcher/Standard.php(295): Zend_Controller_Action->dispatch('indexAction')
#20 /opt/lampp/htdocs/omeka/cag/application/libraries/Zend/Controller/Front.php(954): Zend_Controller_Dispatcher_Standard->dispatch(Object(Zend_Controller_Request_Http), Object(Zend_Controller_Response_Http))
#21 /opt/lampp/htdocs/omeka/cag/application/libraries/Zend/Application/Bootstrap/Bootstrap.php(97): Zend_Controller_Front->dispatch()
#22 /opt/lampp/htdocs/omeka/cag/application/libraries/Zend/Application.php(366): Zend_Application_Bootstrap_Bootstrap->run()
#23 /opt/lampp/htdocs/omeka/cag/application/libraries/Omeka/Core.php(165): Zend_Application->run()
#24 /opt/lampp/htdocs/omeka/cag/index.php(28): Omeka_Core->run()
#25 {main}
2013-03-28T10:59:56+01:00 ERR (3): exception 'Exception' with message 'Could not find file javascripts/jquery.roundabout.js!' in /opt/lampp/htdocs/omeka/cag/application/helpers/AssetFunctions.php:289
Stack trace:
#0 /opt/lampp/htdocs/omeka/cag/application/helpers/AssetFunctions.php(249): web_path_to('javascripts/jqu...')
#1 /opt/lampp/htdocs/omeka/cag/application/helpers/AssetFunctions.php(33): src('jquery.roundabo...', 'javascripts', 'js')
#2 /opt/lampp/htdocs/omeka/cag/themes/CAG/common/header.php(50): queue_js('jquery.roundabo...')
#3 /opt/lampp/htdocs/omeka/cag/application/libraries/Omeka/View.php(113): include('/opt/lampp/htdo...')
#4 /opt/lampp/htdocs/omeka/cag/application/libraries/Zend/View/Abstract.php(888): Omeka_View->_run('/opt/lampp/htdo...')
#5 /opt/lampp/htdocs/omeka/cag/application/libraries/Zend/View/Helper/Partial.php(105): Zend_View_Abstract->render('common/header.p...')
#6 [internal function]: Zend_View_Helper_Partial->partial('common/header.p...', Array)
#7 /opt/lampp/htdocs/omeka/cag/application/libraries/Zend/View/Abstract.php(350): call_user_func_array(Array, Array)
#8 /opt/lampp/htdocs/omeka/cag/application/helpers/Functions.php(68): Zend_View_Abstract->__call('partial', Array)
#9 /opt/lampp/htdocs/omeka/cag/application/helpers/Functions.php(68): Omeka_View->partial('common/header.p...', Array)
#10 /opt/lampp/htdocs/omeka/cag/application/helpers/Functions.php(81): common('header', Array)
#11 /opt/lampp/htdocs/omeka/cag/themes/CAG/solr-search/results/index.php(5): head(Array)
#12 /opt/lampp/htdocs/omeka/cag/application/libraries/Omeka/View.php(113): include('/opt/lampp/htdo...')
#13 /opt/lampp/htdocs/omeka/cag/application/libraries/Zend/View/Abstract.php(888): Omeka_View->_run('/opt/lampp/htdo...')
#14 /opt/lampp/htdocs/omeka/cag/application/libraries/Zend/Controller/Action/Helper/ViewRenderer.php(900): Zend_View_Abstract->render('results/index.p...')
#15 /opt/lampp/htdocs/omeka/cag/application/libraries/Zend/Controller/Action/Helper/ViewRenderer.php(921): Zend_Controller_Action_Helper_ViewRenderer->renderScript('results/index.p...', NULL)
#16 /opt/lampp/htdocs/omeka/cag/application/libraries/Zend/Controller/Action/Helper/ViewRenderer.php(960): Zend_Controller_Action_Helper_ViewRenderer->render()
#17 /opt/lampp/htdocs/omeka/cag/application/libraries/Zend/Controller/Action/HelperBroker.php(277): Zend_Controller_Action_Helper_ViewRenderer->postDispatch()
#18 /opt/lampp/htdocs/omeka/cag/application/libraries/Zend/Controller/Action.php(527): Zend_Controller_Action_HelperBroker->notifyPostDispatch()
#19 /opt/lampp/htdocs/omeka/cag/application/libraries/Zend/Controller/Dispatcher/Standard.php(295): Zend_Controller_Action->dispatch('indexAction')
#20 /opt/lampp/htdocs/omeka/cag/application/libraries/Zend/Controller/Front.php(954): Zend_Controller_Dispatcher_Standard->dispatch(Object(Zend_Controller_Request_Http), Object(Zend_Controller_Response_Http))
#21 /opt/lampp/htdocs/omeka/cag/application/libraries/Zend/Application/Bootstrap/Bootstrap.php(97): Zend_Controller_Front->dispatch()
#22 /opt/lampp/htdocs/omeka/cag/application/libraries/Zend/Application.php(366): Zend_Application_Bootstrap_Bootstrap->run()
#23 /opt/lampp/htdocs/omeka/cag/application/libraries/Omeka/Core.php(165): Zend_Application->run()
#24 /opt/lampp/htdocs/omeka/cag/index.php(28): Omeka_Core->run()
#25 {main}
2013-03-28T11:00:10+01:00 ERR (3): exception 'Exception' with message 'Could not find file javascripts/jquery.expander.js!' in /opt/lampp/htdocs/omeka/cag/application/helpers/AssetFunctions.php:289
Stack trace:
#0 /opt/lampp/htdocs/omeka/cag/application/helpers/AssetFunctions.php(249): web_path_to('javascripts/jqu...')
#1 /opt/lampp/htdocs/omeka/cag/application/helpers/AssetFunctions.php(33): src('jquery.expander', 'javascripts', 'js')
#2 /opt/lampp/htdocs/omeka/cag/themes/CAG/common/header.php(54): queue_js('jquery.expander')
#3 /opt/lampp/htdocs/omeka/cag/application/libraries/Omeka/View.php(113): include('/opt/lampp/htdo...')
#4 /opt/lampp/htdocs/omeka/cag/application/libraries/Zend/View/Abstract.php(888): Omeka_View->_run('/opt/lampp/htdo...')
#5 /opt/lampp/htdocs/omeka/cag/application/libraries/Zend/View/Helper/Partial.php(105): Zend_View_Abstract->render('common/header.p...')
#6 [internal function]: Zend_View_Helper_Partial->partial('common/header.p...', Array)
#7 /opt/lampp/htdocs/omeka/cag/application/libraries/Zend/View/Abstract.php(350): call_user_func_array(Array, Array)
#8 /opt/lampp/htdocs/omeka/cag/application/helpers/Functions.php(68): Zend_View_Abstract->__call('partial', Array)
#9 /opt/lampp/htdocs/omeka/cag/application/helpers/Functions.php(68): Omeka_View->partial('common/header.p...', Array)
#10 /opt/lampp/htdocs/omeka/cag/application/helpers/Functions.php(81): common('header', Array)
#11 /opt/lampp/htdocs/omeka/cag/themes/CAG/solr-search/results/index.php(5): head(Array)
#12 /opt/lampp/htdocs/omeka/cag/application/libraries/Omeka/View.php(113): include('/opt/lampp/htdo...')
#13 /opt/lampp/htdocs/omeka/cag/application/libraries/Zend/View/Abstract.php(888): Omeka_View->_run('/opt/lampp/htdo...')
#14 /opt/lampp/htdocs/omeka/cag/application/libraries/Zend/Controller/Action/Helper/ViewRenderer.php(900): Zend_View_Abstract->render('results/index.p...')
#15 /opt/lampp/htdocs/omeka/cag/application/libraries/Zend/Controller/Action/Helper/ViewRenderer.php(921): Zend_Controller_Action_Helper_ViewRenderer->renderScript('results/index.p...', NULL)
#16 /opt/lampp/htdocs/omeka/cag/application/libraries/Zend/Controller/Action/Helper/ViewRenderer.php(960): Zend_Controller_Action_Helper_ViewRenderer->render()
#17 /opt/lampp/htdocs/omeka/cag/application/libraries/Zend/Controller/Action/HelperBroker.php(277): Zend_Controller_Action_Helper_ViewRenderer->postDispatch()
#18 /opt/lampp/htdocs/omeka/cag/application/libraries/Zend/Controller/Action.php(527): Zend_Controller_Action_HelperBroker->notifyPostDispatch()
#19 /opt/lampp/htdocs/omeka/cag/application/libraries/Zend/Controller/Dispatcher/Standard.php(295): Zend_Controller_Action->dispatch('indexAction')
#20 /opt/lampp/htdocs/omeka/cag/application/libraries/Zend/Controller/Front.php(954): Zend_Controller_Dispatcher_Standard->dispatch(Object(Zend_Controller_Request_Http), Object(Zend_Controller_Response_Http))
#21 /opt/lampp/htdocs/omeka/cag/application/libraries/Zend/Application/Bootstrap/Bootstrap.php(97): Zend_Controller_Front->dispatch()
#22 /opt/lampp/htdocs/omeka/cag/application/libraries/Zend/Application.php(366): Zend_Application_Bootstrap_Bootstrap->run()
#23 /opt/lampp/htdocs/omeka/cag/application/libraries/Omeka/Core.php(165): Zend_Application->run()
#24 /opt/lampp/htdocs/omeka/cag/index.php(28): Omeka_Core->run()
#25 {main}
2013-03-28T11:27:16+01:00 ERR (3): exception 'Exception' with message 'Could not find file javascripts/jquery.expander.js!' in /opt/lampp/htdocs/omeka/cag/application/helpers/AssetFunctions.php:289
Stack trace:
#0 /opt/lampp/htdocs/omeka/cag/application/helpers/AssetFunctions.php(249): web_path_to('javascripts/jqu...')
#1 /opt/lampp/htdocs/omeka/cag/application/helpers/AssetFunctions.php(33): src('jquery.expander', 'javascripts', 'js')
#2 /opt/lampp/htdocs/omeka/cag/themes/CAG/common/header.php(52): queue_js('jquery.expander')
#3 /opt/lampp/htdocs/omeka/cag/application/libraries/Omeka/View.php(113): include('/opt/lampp/htdo...')
#4 /opt/lampp/htdocs/omeka/cag/application/libraries/Zend/View/Abstract.php(888): Omeka_View->_run('/opt/lampp/htdo...')
#5 /opt/lampp/htdocs/omeka/cag/application/libraries/Zend/View/Helper/Partial.php(105): Zend_View_Abstract->render('common/header.p...')
#6 [internal function]: Zend_View_Helper_Partial->partial('common/header.p...', Array)
#7 /opt/lampp/htdocs/omeka/cag/application/libraries/Zend/View/Abstract.php(350): call_user_func_array(Array, Array)
#8 /opt/lampp/htdocs/omeka/cag/application/helpers/Functions.php(68): Zend_View_Abstract->__call('partial', Array)
#9 /opt/lampp/htdocs/omeka/cag/application/helpers/Functions.php(68): Omeka_View->partial('common/header.p...', Array)
#10 /opt/lampp/htdocs/omeka/cag/application/helpers/Functions.php(81): common('header', Array)
#11 /opt/lampp/htdocs/omeka/cag/themes/CAG/simple-pages/page/show.php(8): head(Array)
#12 /opt/lampp/htdocs/omeka/cag/application/libraries/Omeka/View.php(113): include('/opt/lampp/htdo...')
#13 /opt/lampp/htdocs/omeka/cag/application/libraries/Zend/View/Abstract.php(888): Omeka_View->_run('/opt/lampp/htdo...')
#14 /opt/lampp/htdocs/omeka/cag/application/libraries/Zend/Controller/Action/Helper/ViewRenderer.php(900): Zend_View_Abstract->render('page/show.php')
#15 /opt/lampp/htdocs/omeka/cag/application/libraries/Zend/Controller/Action/Helper/ViewRenderer.php(921): Zend_Controller_Action_Helper_ViewRenderer->renderScript('page/show.php', NULL)
#16 /opt/lampp/htdocs/omeka/cag/application/libraries/Zend/Controller/Action/Helper/ViewRenderer.php(960): Zend_Controller_Action_Helper_ViewRenderer->render()
#17 /opt/lampp/htdocs/omeka/cag/application/libraries/Zend/Controller/Action/HelperBroker.php(277): Zend_Controller_Action_Helper_ViewRenderer->postDispatch()
#18 /opt/lampp/htdocs/omeka/cag/application/libraries/Zend/Controller/Action.php(527): Zend_Controller_Action_HelperBroker->notifyPostDispatch()
#19 /opt/lampp/htdocs/omeka/cag/application/libraries/Zend/Controller/Dispatcher/Standard.php(295): Zend_Controller_Action->dispatch('showAction')
#20 /opt/lampp/htdocs/omeka/cag/application/libraries/Zend/Controller/Front.php(954): Zend_Controller_Dispatcher_Standard->dispatch(Object(Zend_Controller_Request_Http), Object(Zend_Controller_Response_Http))
#21 /opt/lampp/htdocs/omeka/cag/application/libraries/Zend/Application/Bootstrap/Bootstrap.php(97): Zend_Controller_Front->dispatch()
#22 /opt/lampp/htdocs/omeka/cag/application/libraries/Zend/Application.php(366): Zend_Application_Bootstrap_Bootstrap->run()
#23 /opt/lampp/htdocs/omeka/cag/application/libraries/Omeka/Core.php(165): Zend_Application->run()
#24 /opt/lampp/htdocs/omeka/cag/index.php(28): Omeka_Core->run()
#25 {main}
2013-04-08T12:12:09+02:00 ERR (3): exception 'Apache_Solr_HttpTransportException' with message ''400' Status: Bad Request' in /opt/lampp/htdocs/omeka/cag/plugins/SolrSearch/lib/Service.php:338
Stack trace:
#0 /opt/lampp/htdocs/omeka/cag/plugins/SolrSearch/lib/Service.php(1166): Apache_Solr_Service->_sendRawGet('http://localhos...')
#1 /opt/lampp/htdocs/omeka/cag/plugins/SolrSearch/controllers/ResultsController.php(256): Apache_Solr_Service->search('test AND (itemt...', 0, '10', Array)
#2 /opt/lampp/htdocs/omeka/cag/plugins/SolrSearch/controllers/ResultsController.php(94): SolrSearch_ResultsController->_search(Array, 0, '10')
#3 /opt/lampp/htdocs/omeka/cag/plugins/SolrSearch/controllers/ResultsController.php(59): SolrSearch_ResultsController->handleHtml()
#4 /opt/lampp/htdocs/omeka/cag/application/libraries/Zend/Controller/Action.php(516): SolrSearch_ResultsController->indexAction()
#5 /opt/lampp/htdocs/omeka/cag/application/libraries/Zend/Controller/Dispatcher/Standard.php(295): Zend_Controller_Action->dispatch('indexAction')
#6 /opt/lampp/htdocs/omeka/cag/application/libraries/Zend/Controller/Front.php(954): Zend_Controller_Dispatcher_Standard->dispatch(Object(Zend_Controller_Request_Http), Object(Zend_Controller_Response_Http))
#7 /opt/lampp/htdocs/omeka/cag/application/libraries/Zend/Application/Bootstrap/Bootstrap.php(97): Zend_Controller_Front->dispatch()
#8 /opt/lampp/htdocs/omeka/cag/application/libraries/Zend/Application.php(366): Zend_Application_Bootstrap_Bootstrap->run()
#9 /opt/lampp/htdocs/omeka/cag/application/libraries/Omeka/Core.php(165): Zend_Application->run()
#10 /opt/lampp/htdocs/omeka/cag/index.php(28): Omeka_Core->run()
#11 {main}
2013-04-08T12:20:47+02:00 ERR (3): exception 'Apache_Solr_HttpTransportException' with message ''400' Status: Bad Request' in /opt/lampp/htdocs/omeka/cag/plugins/SolrSearch/lib/Service.php:338
Stack trace:
#0 /opt/lampp/htdocs/omeka/cag/plugins/SolrSearch/lib/Service.php(1166): Apache_Solr_Service->_sendRawGet('http://localhos...')
#1 /opt/lampp/htdocs/omeka/cag/plugins/SolrSearch/controllers/ResultsController.php(256): Apache_Solr_Service->search('test AND (itemt...', 0, '10', Array)
#2 /opt/lampp/htdocs/omeka/cag/plugins/SolrSearch/controllers/ResultsController.php(94): SolrSearch_ResultsController->_search(Array, 0, '10')
#3 /opt/lampp/htdocs/omeka/cag/plugins/SolrSearch/controllers/ResultsController.php(59): SolrSearch_ResultsController->handleHtml()
#4 /opt/lampp/htdocs/omeka/cag/application/libraries/Zend/Controller/Action.php(516): SolrSearch_ResultsController->indexAction()
#5 /opt/lampp/htdocs/omeka/cag/application/libraries/Zend/Controller/Dispatcher/Standard.php(295): Zend_Controller_Action->dispatch('indexAction')
#6 /opt/lampp/htdocs/omeka/cag/application/libraries/Zend/Controller/Front.php(954): Zend_Controller_Dispatcher_Standard->dispatch(Object(Zend_Controller_Request_Http), Object(Zend_Controller_Response_Http))
#7 /opt/lampp/htdocs/omeka/cag/application/libraries/Zend/Application/Bootstrap/Bootstrap.php(97): Zend_Controller_Front->dispatch()
#8 /opt/lampp/htdocs/omeka/cag/application/libraries/Zend/Application.php(366): Zend_Application_Bootstrap_Bootstrap->run()
#9 /opt/lampp/htdocs/omeka/cag/application/libraries/Omeka/Core.php(165): Zend_Application->run()
#10 /opt/lampp/htdocs/omeka/cag/index.php(28): Omeka_Core->run()
#11 {main}
2013-04-08T12:21:17+02:00 ERR (3): exception 'Apache_Solr_HttpTransportException' with message ''400' Status: Bad Request' in /opt/lampp/htdocs/omeka/cag/plugins/SolrSearch/lib/Service.php:338
Stack trace:
#0 /opt/lampp/htdocs/omeka/cag/plugins/SolrSearch/lib/Service.php(1166): Apache_Solr_Service->_sendRawGet('http://localhos...')
#1 /opt/lampp/htdocs/omeka/cag/plugins/SolrSearch/controllers/ResultsController.php(256): Apache_Solr_Service->search('test AND (itemt...', 0, '10', Array)
#2 /opt/lampp/htdocs/omeka/cag/plugins/SolrSearch/controllers/ResultsController.php(94): SolrSearch_ResultsController->_search(Array, 0, '10')
#3 /opt/lampp/htdocs/omeka/cag/plugins/SolrSearch/controllers/ResultsController.php(59): SolrSearch_ResultsController->handleHtml()
#4 /opt/lampp/htdocs/omeka/cag/application/libraries/Zend/Controller/Action.php(516): SolrSearch_ResultsController->indexAction()
#5 /opt/lampp/htdocs/omeka/cag/application/libraries/Zend/Controller/Dispatcher/Standard.php(295): Zend_Controller_Action->dispatch('indexAction')
#6 /opt/lampp/htdocs/omeka/cag/application/libraries/Zend/Controller/Front.php(954): Zend_Controller_Dispatcher_Standard->dispatch(Object(Zend_Controller_Request_Http), Object(Zend_Controller_Response_Http))
#7 /opt/lampp/htdocs/omeka/cag/application/libraries/Zend/Application/Bootstrap/Bootstrap.php(97): Zend_Controller_Front->dispatch()
#8 /opt/lampp/htdocs/omeka/cag/application/libraries/Zend/Application.php(366): Zend_Application_Bootstrap_Bootstrap->run()
#9 /opt/lampp/htdocs/omeka/cag/application/libraries/Omeka/Core.php(165): Zend_Application->run()
#10 /opt/lampp/htdocs/omeka/cag/index.php(28): Omeka_Core->run()
#11 {main}
2013-04-11T09:50:29+02:00 ERR (3): exception 'Apache_Solr_HttpTransportException' with message ''400' Status: Bad Request' in /opt/lampp/htdocs/omeka/cag/plugins/SolrSearch/lib/Service.php:338
Stack trace:
#0 /opt/lampp/htdocs/omeka/cag/plugins/SolrSearch/lib/Service.php(1166): Apache_Solr_Service->_sendRawGet('http://localhos...')
#1 /opt/lampp/htdocs/omeka/cag/plugins/SolrSearch/controllers/ResultsController.php(256): Apache_Solr_Service->search('*:* AND (itemty...', 0, '50', Array)
#2 /opt/lampp/htdocs/omeka/cag/plugins/SolrSearch/controllers/ResultsController.php(94): SolrSearch_ResultsController->_search(Array, 0, '50')
#3 /opt/lampp/htdocs/omeka/cag/plugins/SolrSearch/controllers/ResultsController.php(59): SolrSearch_ResultsController->handleHtml()
#4 /opt/lampp/htdocs/omeka/cag/application/libraries/Zend/Controller/Action.php(516): SolrSearch_ResultsController->indexAction()
#5 /opt/lampp/htdocs/omeka/cag/application/libraries/Zend/Controller/Dispatcher/Standard.php(295): Zend_Controller_Action->dispatch('indexAction')
#6 /opt/lampp/htdocs/omeka/cag/application/libraries/Zend/Controller/Front.php(954): Zend_Controller_Dispatcher_Standard->dispatch(Object(Zend_Controller_Request_Http), Object(Zend_Controller_Response_Http))
#7 /opt/lampp/htdocs/omeka/cag/application/libraries/Zend/Application/Bootstrap/Bootstrap.php(97): Zend_Controller_Front->dispatch()
#8 /opt/lampp/htdocs/omeka/cag/application/libraries/Zend/Application.php(366): Zend_Application_Bootstrap_Bootstrap->run()
#9 /opt/lampp/htdocs/omeka/cag/application/libraries/Omeka/Core.php(165): Zend_Application->run()
#10 /opt/lampp/htdocs/omeka/cag/index.php(28): Omeka_Core->run()
#11 {main}
2013-04-11T09:52:41+02:00 ERR (3): exception 'Apache_Solr_HttpTransportException' with message ''400' Status: Bad Request' in /opt/lampp/htdocs/omeka/cag/plugins/SolrSearch/lib/Service.php:338
Stack trace:
#0 /opt/lampp/htdocs/omeka/cag/plugins/SolrSearch/lib/Service.php(1166): Apache_Solr_Service->_sendRawGet('http://localhos...')
#1 /opt/lampp/htdocs/omeka/cag/plugins/SolrSearch/controllers/ResultsController.php(256): Apache_Solr_Service->search('*:* AND (itemty...', 0, '50', Array)
#2 /opt/lampp/htdocs/omeka/cag/plugins/SolrSearch/controllers/ResultsController.php(94): SolrSearch_ResultsController->_search(Array, 0, '50')
#3 /opt/lampp/htdocs/omeka/cag/plugins/SolrSearch/controllers/ResultsController.php(59): SolrSearch_ResultsController->handleHtml()
#4 /opt/lampp/htdocs/omeka/cag/application/libraries/Zend/Controller/Action.php(516): SolrSearch_ResultsController->indexAction()
#5 /opt/lampp/htdocs/omeka/cag/application/libraries/Zend/Controller/Dispatcher/Standard.php(295): Zend_Controller_Action->dispatch('indexAction')
#6 /opt/lampp/htdocs/omeka/cag/application/libraries/Zend/Controller/Front.php(954): Zend_Controller_Dispatcher_Standard->dispatch(Object(Zend_Controller_Request_Http), Object(Zend_Controller_Response_Http))
#7 /opt/lampp/htdocs/omeka/cag/application/libraries/Zend/Application/Bootstrap/Bootstrap.php(97): Zend_Controller_Front->dispatch()
#8 /opt/lampp/htdocs/omeka/cag/application/libraries/Zend/Application.php(366): Zend_Application_Bootstrap_Bootstrap->run()
#9 /opt/lampp/htdocs/omeka/cag/application/libraries/Omeka/Core.php(165): Zend_Application->run()
#10 /opt/lampp/htdocs/omeka/cag/index.php(28): Omeka_Core->run()
#11 {main}
2013-04-11T09:53:11+02:00 ERR (3): exception 'Apache_Solr_HttpTransportException' with message ''400' Status: Bad Request' in /opt/lampp/htdocs/omeka/cag/plugins/SolrSearch/lib/Service.php:338
Stack trace:
#0 /opt/lampp/htdocs/omeka/cag/plugins/SolrSearch/lib/Service.php(1166): Apache_Solr_Service->_sendRawGet('http://localhos...')
#1 /opt/lampp/htdocs/omeka/cag/plugins/SolrSearch/controllers/ResultsController.php(256): Apache_Solr_Service->search('*:* AND (itemty...', 0, '50', Array)
#2 /opt/lampp/htdocs/omeka/cag/plugins/SolrSearch/controllers/ResultsController.php(94): SolrSearch_ResultsController->_search(Array, 0, '50')
#3 /opt/lampp/htdocs/omeka/cag/plugins/SolrSearch/controllers/ResultsController.php(59): SolrSearch_ResultsController->handleHtml()
#4 /opt/lampp/htdocs/omeka/cag/application/libraries/Zend/Controller/Action.php(516): SolrSearch_ResultsController->indexAction()
#5 /opt/lampp/htdocs/omeka/cag/application/libraries/Zend/Controller/Dispatcher/Standard.php(295): Zend_Controller_Action->dispatch('indexAction')
#6 /opt/lampp/htdocs/omeka/cag/application/libraries/Zend/Controller/Front.php(954): Zend_Controller_Dispatcher_Standard->dispatch(Object(Zend_Controller_Request_Http), Object(Zend_Controller_Response_Http))
#7 /opt/lampp/htdocs/omeka/cag/application/libraries/Zend/Application/Bootstrap/Bootstrap.php(97): Zend_Controller_Front->dispatch()
#8 /opt/lampp/htdocs/omeka/cag/application/libraries/Zend/Application.php(366): Zend_Application_Bootstrap_Bootstrap->run()
#9 /opt/lampp/htdocs/omeka/cag/application/libraries/Omeka/Core.php(165): Zend_Application->run()
#10 /opt/lampp/htdocs/omeka/cag/index.php(28): Omeka_Core->run()
#11 {main}
2013-04-11T09:53:16+02:00 ERR (3): exception 'Apache_Solr_HttpTransportException' with message ''400' Status: Bad Request' in /opt/lampp/htdocs/omeka/cag/plugins/SolrSearch/lib/Service.php:338
Stack trace:
#0 /opt/lampp/htdocs/omeka/cag/plugins/SolrSearch/lib/Service.php(1166): Apache_Solr_Service->_sendRawGet('http://localhos...')
#1 /opt/lampp/htdocs/omeka/cag/plugins/SolrSearch/controllers/ResultsController.php(256): Apache_Solr_Service->search('*:* AND (itemty...', 0, '50', Array)
#2 /opt/lampp/htdocs/omeka/cag/plugins/SolrSearch/controllers/ResultsController.php(94): SolrSearch_ResultsController->_search(Array, 0, '50')
#3 /opt/lampp/htdocs/omeka/cag/plugins/SolrSearch/controllers/ResultsController.php(59): SolrSearch_ResultsController->handleHtml()
#4 /opt/lampp/htdocs/omeka/cag/application/libraries/Zend/Controller/Action.php(516): SolrSearch_ResultsController->indexAction()
#5 /opt/lampp/htdocs/omeka/cag/application/libraries/Zend/Controller/Dispatcher/Standard.php(295): Zend_Controller_Action->dispatch('indexAction')
#6 /opt/lampp/htdocs/omeka/cag/application/libraries/Zend/Controller/Front.php(954): Zend_Controller_Dispatcher_Standard->dispatch(Object(Zend_Controller_Request_Http), Object(Zend_Controller_Response_Http))
#7 /opt/lampp/htdocs/omeka/cag/application/libraries/Zend/Application/Bootstrap/Bootstrap.php(97): Zend_Controller_Front->dispatch()
#8 /opt/lampp/htdocs/omeka/cag/application/libraries/Zend/Application.php(366): Zend_Application_Bootstrap_Bootstrap->run()
#9 /opt/lampp/htdocs/omeka/cag/application/libraries/Omeka/Core.php(165): Zend_Application->run()
#10 /opt/lampp/htdocs/omeka/cag/index.php(28): Omeka_Core->run()
#11 {main}
2013-04-11T09:53:26+02:00 ERR (3): exception 'Apache_Solr_HttpTransportException' with message ''400' Status: Bad Request' in /opt/lampp/htdocs/omeka/cag/plugins/SolrSearch/lib/Service.php:338
Stack trace:
#0 /opt/lampp/htdocs/omeka/cag/plugins/SolrSearch/lib/Service.php(1166): Apache_Solr_Service->_sendRawGet('http://localhos...')
#1 /opt/lampp/htdocs/omeka/cag/plugins/SolrSearch/controllers/ResultsController.php(256): Apache_Solr_Service->search('*:* AND (itemty...', 0, '50', Array)
#2 /opt/lampp/htdocs/omeka/cag/plugins/SolrSearch/controllers/ResultsController.php(94): SolrSearch_ResultsController->_search(Array, 0, '50')
#3 /opt/lampp/htdocs/omeka/cag/plugins/SolrSearch/controllers/ResultsController.php(59): SolrSearch_ResultsController->handleHtml()
#4 /opt/lampp/htdocs/omeka/cag/application/libraries/Zend/Controller/Action.php(516): SolrSearch_ResultsController->indexAction()
#5 /opt/lampp/htdocs/omeka/cag/application/libraries/Zend/Controller/Dispatcher/Standard.php(295): Zend_Controller_Action->dispatch('indexAction')
#6 /opt/lampp/htdocs/omeka/cag/application/libraries/Zend/Controller/Front.php(954): Zend_Controller_Dispatcher_Standard->dispatch(Object(Zend_Controller_Request_Http), Object(Zend_Controller_Response_Http))
#7 /opt/lampp/htdocs/omeka/cag/application/libraries/Zend/Application/Bootstrap/Bootstrap.php(97): Zend_Controller_Front->dispatch()
#8 /opt/lampp/htdocs/omeka/cag/application/libraries/Zend/Application.php(366): Zend_Application_Bootstrap_Bootstrap->run()
#9 /opt/lampp/htdocs/omeka/cag/application/libraries/Omeka/Core.php(165): Zend_Application->run()
#10 /opt/lampp/htdocs/omeka/cag/index.php(28): Omeka_Core->run()
#11 {main}
2013-04-11T09:53:34+02:00 ERR (3): exception 'Apache_Solr_HttpTransportException' with message ''400' Status: Bad Request' in /opt/lampp/htdocs/omeka/cag/plugins/SolrSearch/lib/Service.php:338
Stack trace:
#0 /opt/lampp/htdocs/omeka/cag/plugins/SolrSearch/lib/Service.php(1166): Apache_Solr_Service->_sendRawGet('http://localhos...')
#1 /opt/lampp/htdocs/omeka/cag/plugins/SolrSearch/controllers/ResultsController.php(256): Apache_Solr_Service->search('*:* AND (itemty...', 0, '50', Array)
#2 /opt/lampp/htdocs/omeka/cag/plugins/SolrSearch/controllers/ResultsController.php(94): SolrSearch_ResultsController->_search(Array, 0, '50')
#3 /opt/lampp/htdocs/omeka/cag/plugins/SolrSearch/controllers/ResultsController.php(59): SolrSearch_ResultsController->handleHtml()
#4 /opt/lampp/htdocs/omeka/cag/application/libraries/Zend/Controller/Action.php(516): SolrSearch_ResultsController->indexAction()
#5 /opt/lampp/htdocs/omeka/cag/application/libraries/Zend/Controller/Dispatcher/Standard.php(295): Zend_Controller_Action->dispatch('indexAction')
#6 /opt/lampp/htdocs/omeka/cag/application/libraries/Zend/Controller/Front.php(954): Zend_Controller_Dispatcher_Standard->dispatch(Object(Zend_Controller_Request_Http), Object(Zend_Controller_Response_Http))
#7 /opt/lampp/htdocs/omeka/cag/application/libraries/Zend/Application/Bootstrap/Bootstrap.php(97): Zend_Controller_Front->dispatch()
#8 /opt/lampp/htdocs/omeka/cag/application/libraries/Zend/Application.php(366): Zend_Application_Bootstrap_Bootstrap->run()
#9 /opt/lampp/htdocs/omeka/cag/application/libraries/Omeka/Core.php(165): Zend_Application->run()
#10 /opt/lampp/htdocs/omeka/cag/index.php(28): Omeka_Core->run()
#11 {main}
2013-04-11T09:54:39+02:00 ERR (3): exception 'Apache_Solr_HttpTransportException' with message ''400' Status: Bad Request' in /opt/lampp/htdocs/omeka/cag/plugins/SolrSearch/lib/Service.php:338
Stack trace:
#0 /opt/lampp/htdocs/omeka/cag/plugins/SolrSearch/lib/Service.php(1166): Apache_Solr_Service->_sendRawGet('http://localhos...')
#1 /opt/lampp/htdocs/omeka/cag/plugins/SolrSearch/controllers/ResultsController.php(256): Apache_Solr_Service->search('*:* AND (itemty...', 0, '50', Array)
#2 /opt/lampp/htdocs/omeka/cag/plugins/SolrSearch/controllers/ResultsController.php(94): SolrSearch_ResultsController->_search(Array, 0, '50')
#3 /opt/lampp/htdocs/omeka/cag/plugins/SolrSearch/controllers/ResultsController.php(59): SolrSearch_ResultsController->handleHtml()
#4 /opt/lampp/htdocs/omeka/cag/application/libraries/Zend/Controller/Action.php(516): SolrSearch_ResultsController->indexAction()
#5 /opt/lampp/htdocs/omeka/cag/application/libraries/Zend/Controller/Dispatcher/Standard.php(295): Zend_Controller_Action->dispatch('indexAction')
#6 /opt/lampp/htdocs/omeka/cag/application/libraries/Zend/Controller/Front.php(954): Zend_Controller_Dispatcher_Standard->dispatch(Object(Zend_Controller_Request_Http), Object(Zend_Controller_Response_Http))
#7 /opt/lampp/htdocs/omeka/cag/application/libraries/Zend/Application/Bootstrap/Bootstrap.php(97): Zend_Controller_Front->dispatch()
#8 /opt/lampp/htdocs/omeka/cag/application/libraries/Zend/Application.php(366): Zend_Application_Bootstrap_Bootstrap->run()
#9 /opt/lampp/htdocs/omeka/cag/application/libraries/Omeka/Core.php(165): Zend_Application->run()
#10 /opt/lampp/htdocs/omeka/cag/index.php(28): Omeka_Core->run()
#11 {main}
2013-04-11T10:01:52+02:00 ERR (3): exception 'Apache_Solr_HttpTransportException' with message ''400' Status: Bad Request' in /opt/lampp/htdocs/omeka/cag/plugins/SolrSearch/lib/Service.php:338
Stack trace:
#0 /opt/lampp/htdocs/omeka/cag/plugins/SolrSearch/lib/Service.php(1166): Apache_Solr_Service->_sendRawGet('http://localhos...')
#1 /opt/lampp/htdocs/omeka/cag/plugins/SolrSearch/controllers/ResultsController.php(256): Apache_Solr_Service->search('*:* AND (itemty...', 0, '50', Array)
#2 /opt/lampp/htdocs/omeka/cag/plugins/SolrSearch/controllers/ResultsController.php(94): SolrSearch_ResultsController->_search(Array, 0, '50')
#3 /opt/lampp/htdocs/omeka/cag/plugins/SolrSearch/controllers/ResultsController.php(59): SolrSearch_ResultsController->handleHtml()
#4 /opt/lampp/htdocs/omeka/cag/application/libraries/Zend/Controller/Action.php(516): SolrSearch_ResultsController->indexAction()
#5 /opt/lampp/htdocs/omeka/cag/application/libraries/Zend/Controller/Dispatcher/Standard.php(295): Zend_Controller_Action->dispatch('indexAction')
#6 /opt/lampp/htdocs/omeka/cag/application/libraries/Zend/Controller/Front.php(954): Zend_Controller_Dispatcher_Standard->dispatch(Object(Zend_Controller_Request_Http), Object(Zend_Controller_Response_Http))
#7 /opt/lampp/htdocs/omeka/cag/application/libraries/Zend/Application/Bootstrap/Bootstrap.php(97): Zend_Controller_Front->dispatch()
#8 /opt/lampp/htdocs/omeka/cag/application/libraries/Zend/Application.php(366): Zend_Application_Bootstrap_Bootstrap->run()
#9 /opt/lampp/htdocs/omeka/cag/application/libraries/Omeka/Core.php(165): Zend_Application->run()
#10 /opt/lampp/htdocs/omeka/cag/index.php(28): Omeka_Core->run()
#11 {main}
2013-04-11T10:04:36+02:00 ERR (3): exception 'Apache_Solr_HttpTransportException' with message ''400' Status: Bad Request' in /opt/lampp/htdocs/omeka/cag/plugins/SolrSearch/lib/Service.php:338
Stack trace:
#0 /opt/lampp/htdocs/omeka/cag/plugins/SolrSearch/lib/Service.php(1166): Apache_Solr_Service->_sendRawGet('http://localhos...')
#1 /opt/lampp/htdocs/omeka/cag/plugins/SolrSearch/controllers/ResultsController.php(256): Apache_Solr_Service->search('*:* AND (itemty...', 0, '50', Array)
#2 /opt/lampp/htdocs/omeka/cag/plugins/SolrSearch/controllers/ResultsController.php(94): SolrSearch_ResultsController->_search(Array, 0, '50')
#3 /opt/lampp/htdocs/omeka/cag/plugins/SolrSearch/controllers/ResultsController.php(59): SolrSearch_ResultsController->handleHtml()
#4 /opt/lampp/htdocs/omeka/cag/application/libraries/Zend/Controller/Action.php(516): SolrSearch_ResultsController->indexAction()
#5 /opt/lampp/htdocs/omeka/cag/application/libraries/Zend/Controller/Dispatcher/Standard.php(295): Zend_Controller_Action->dispatch('indexAction')
#6 /opt/lampp/htdocs/omeka/cag/application/libraries/Zend/Controller/Front.php(954): Zend_Controller_Dispatcher_Standard->dispatch(Object(Zend_Controller_Request_Http), Object(Zend_Controller_Response_Http))
#7 /opt/lampp/htdocs/omeka/cag/application/libraries/Zend/Application/Bootstrap/Bootstrap.php(97): Zend_Controller_Front->dispatch()
#8 /opt/lampp/htdocs/omeka/cag/application/libraries/Zend/Application.php(366): Zend_Application_Bootstrap_Bootstrap->run()
#9 /opt/lampp/htdocs/omeka/cag/application/libraries/Omeka/Core.php(165): Zend_Application->run()
#10 /opt/lampp/htdocs/omeka/cag/index.php(28): Omeka_Core->run()
#11 {main}
2013-04-15T09:06:27+02:00 INFO (6): Failed login attempt from '127.0.0.1'.
2013-04-15T09:06:34+02:00 INFO (6): Failed login attempt from '127.0.0.1'.
2013-04-24T14:07:21+02:00 ERR (3): exception 'Apache_Solr_HttpTransportException' with message ''400' Status: Bad Request' in /opt/lampp/htdocs/omeka/cag/plugins/SolrSearch/lib/Service.php:338
Stack trace:
#0 /opt/lampp/htdocs/omeka/cag/plugins/SolrSearch/lib/Service.php(1166): Apache_Solr_Service->_sendRawGet('http://localhos...')
#1 /opt/lampp/htdocs/omeka/cag/plugins/SolrSearch/controllers/ResultsController.php(256): Apache_Solr_Service->search('boer AND (itemt...', 0, '10', Array)
#2 /opt/lampp/htdocs/omeka/cag/plugins/SolrSearch/controllers/ResultsController.php(94): SolrSearch_ResultsController->_search(Array, 0, '10')
#3 /opt/lampp/htdocs/omeka/cag/plugins/SolrSearch/controllers/ResultsController.php(59): SolrSearch_ResultsController->handleHtml()
#4 /opt/lampp/htdocs/omeka/cag/application/libraries/Zend/Controller/Action.php(516): SolrSearch_ResultsController->indexAction()
#5 /opt/lampp/htdocs/omeka/cag/application/libraries/Zend/Controller/Dispatcher/Standard.php(295): Zend_Controller_Action->dispatch('indexAction')
#6 /opt/lampp/htdocs/omeka/cag/application/libraries/Zend/Controller/Front.php(954): Zend_Controller_Dispatcher_Standard->dispatch(Object(Zend_Controller_Request_Http), Object(Zend_Controller_Response_Http))
#7 /opt/lampp/htdocs/omeka/cag/application/libraries/Zend/Application/Bootstrap/Bootstrap.php(97): Zend_Controller_Front->dispatch()
#8 /opt/lampp/htdocs/omeka/cag/application/libraries/Zend/Application.php(366): Zend_Application_Bootstrap_Bootstrap->run()
#9 /opt/lampp/htdocs/omeka/cag/application/libraries/Omeka/Core.php(165): Zend_Application->run()
#10 /opt/lampp/htdocs/omeka/cag/index.php(28): Omeka_Core->run()
#11 {main}
2013-04-24T14:20:29+02:00 ERR (3): exception 'Apache_Solr_HttpTransportException' with message ''400' Status: Bad Request' in /opt/lampp/htdocs/omeka/cag/plugins/SolrSearch/lib/Service.php:338
Stack trace:
#0 /opt/lampp/htdocs/omeka/cag/plugins/SolrSearch/lib/Service.php(1166): Apache_Solr_Service->_sendRawGet('http://localhos...')
#1 /opt/lampp/htdocs/omeka/cag/plugins/SolrSearch/controllers/ResultsController.php(256): Apache_Solr_Service->search('boer AND (itemt...', 0, '10', Array)
#2 /opt/lampp/htdocs/omeka/cag/plugins/SolrSearch/controllers/ResultsController.php(94): SolrSearch_ResultsController->_search(Array, 0, '10')
#3 /opt/lampp/htdocs/omeka/cag/plugins/SolrSearch/controllers/ResultsController.php(59): SolrSearch_ResultsController->handleHtml()
#4 /opt/lampp/htdocs/omeka/cag/application/libraries/Zend/Controller/Action.php(516): SolrSearch_ResultsController->indexAction()
#5 /opt/lampp/htdocs/omeka/cag/application/libraries/Zend/Controller/Dispatcher/Standard.php(295): Zend_Controller_Action->dispatch('indexAction')
#6 /opt/lampp/htdocs/omeka/cag/application/libraries/Zend/Controller/Front.php(954): Zend_Controller_Dispatcher_Standard->dispatch(Object(Zend_Controller_Request_Http), Object(Zend_Controller_Response_Http))
#7 /opt/lampp/htdocs/omeka/cag/application/libraries/Zend/Application/Bootstrap/Bootstrap.php(97): Zend_Controller_Front->dispatch()
#8 /opt/lampp/htdocs/omeka/cag/application/libraries/Zend/Application.php(366): Zend_Application_Bootstrap_Bootstrap->run()
#9 /opt/lampp/htdocs/omeka/cag/application/libraries/Omeka/Core.php(165): Zend_Application->run()
#10 /opt/lampp/htdocs/omeka/cag/index.php(28): Omeka_Core->run()
#11 {main}
2013-04-29T10:48:26+02:00 ERR (3): exception 'Apache_Solr_HttpTransportException' with message ''0' Status: Communication Error' in /opt/lampp/htdocs/omeka/cag/plugins/SolrSearch/lib/Service.php:364
Stack trace:
#0 /opt/lampp/htdocs/omeka/cag/plugins/SolrSearch/lib/Service.php(669): Apache_Solr_Service->_sendRawPost('http://localhos...', '<add allowDups=...')
#1 /opt/lampp/htdocs/omeka/cag/plugins/SolrSearch/lib/Service.php(733): Apache_Solr_Service->add('<add allowDups=...')
#2 /opt/lampp/htdocs/omeka/cag/plugins/SolrSearch/SolrSearchPlugin.php(170): Apache_Solr_Service->addDocuments(Array)
#3 [internal function]: SolrSearchPlugin->afterSaveRecord(Object(SimplePagesPage))
#4 /opt/lampp/htdocs/omeka/cag/application/libraries/Omeka/Plugin/Broker.php(156): call_user_func_array(Array, Array)
#5 /opt/lampp/htdocs/omeka/cag/application/libraries/Omeka/Plugin/Broker.php(182): Omeka_Plugin_Broker->callHook('after_save_reco...', Array)
#6 [internal function]: Omeka_Plugin_Broker->__call('after_save_reco...', Array)
#7 [internal function]: Omeka_Plugin_Broker->after_save_record(Object(SimplePagesPage))
#8 /opt/lampp/htdocs/omeka/cag/application/libraries/Omeka/Record.php(301): call_user_func_array(Array, Array)
#9 /opt/lampp/htdocs/omeka/cag/application/libraries/Omeka/Record.php(566): Omeka_Record->runCallbacks('afterSave')
#10 /opt/lampp/htdocs/omeka/cag/application/libraries/Omeka/Record.php(807): Omeka_Record->save()
#11 /opt/lampp/htdocs/omeka/cag/plugins/SimplePages/controllers/IndexController.php(73): Omeka_Record->saveForm(Array)
#12 /opt/lampp/htdocs/omeka/cag/plugins/SimplePages/controllers/IndexController.php(54): SimplePages_IndexController->_processPageForm(Object(SimplePagesPage), 'edit')
#13 /opt/lampp/htdocs/omeka/cag/application/libraries/Zend/Controller/Action.php(516): SimplePages_IndexController->editAction()
#14 /opt/lampp/htdocs/omeka/cag/application/libraries/Zend/Controller/Dispatcher/Standard.php(295): Zend_Controller_Action->dispatch('editAction')
#15 /opt/lampp/htdocs/omeka/cag/application/libraries/Zend/Controller/Front.php(954): Zend_Controller_Dispatcher_Standard->dispatch(Object(Zend_Controller_Request_Http), Object(Zend_Controller_Response_Http))
#16 /opt/lampp/htdocs/omeka/cag/application/libraries/Zend/Application/Bootstrap/Bootstrap.php(97): Zend_Controller_Front->dispatch()
#17 /opt/lampp/htdocs/omeka/cag/application/libraries/Zend/Application.php(366): Zend_Application_Bootstrap_Bootstrap->run()
#18 /opt/lampp/htdocs/omeka/cag/application/libraries/Omeka/Core.php(165): Zend_Application->run()
#19 /opt/lampp/htdocs/omeka/cag/admin/index.php(48): Omeka_Core->run()
#20 {main}
